<?xml version="1.0" encoding="UTF-8"?>
<testsuite xmlns:xsi="http://www.w3.org/2001/XMLSchema-instance" xsi:noNamespaceSchemaLocation="https://maven.apache.org/surefire/maven-surefire-plugin/xsd/surefire-test-report.xsd" name="com.allanperes.moneytransfer.transfer.MoneyTransferVerticleTest" time="2.524" tests="1" errors="0" skipped="0" failures="0">
  <properties>
[...]
</properties>
  <testcase name="transferingMoney{Vertx, VertxTestContext}" classname="com.allanperes.moneytransfer.transfer.MoneyTransferVerticleTest" time="2.15"/>
</testsuite>